<?xml version="1.0" encoding="UTF-8"?>
<!-- Generated by org.testng.reporters.JUnitXMLReporter -->
<testsuite ignored="0" hostname="LAPTOP-6DHJKUJ7" failures="0" tests="3" name="Default test" time="12.29" errors="0" timestamp="2022-07-03T16:58:14 EDT">
  <testcase classname="testng_Priority.Priority1" name="login" time="0.631"/>
  <testcase classname="testng_Priority.Priority1" name="logoTest" time="0.152"/>
  <testcase classname="testng_Priority.Priority1" name="titleTest" time="0.028"/>
</testsuite> <!-- Default test -->
