<?xml version="1.0" encoding="UTF-8"?>
<!-- Generated by org.testng.reporters.JUnitXMLReporter -->
<testsuite ignored="0" hostname="LAPTOP-6DHJKUJ7" failures="0" tests="6" name="Test" time="23.414" errors="0" timestamp="2022-07-03T17:00:41 EDT">
  <testcase classname="testng_Priority.Priority2" name="login" time="0.658"/>
  <testcase classname="testng_Priority.Priority2" name="titleTest" time="0.017"/>
  <testcase classname="testng_Priority.Priority2" name="logoTest" time="0.153"/>
  <testcase classname="testng_Priority.Priority1" name="login" time="0.883"/>
  <testcase classname="testng_Priority.Priority1" name="logoTest" time="0.114"/>
  <testcase classname="testng_Priority.Priority1" name="titleTest" time="0.027"/>
</testsuite> <!-- Test -->
