<?xml version="1.0" encoding="UTF-8"?>
<testng-results ignored="0" total="6" passed="6" failed="0" skipped="0">
  <reporter-output>
  </reporter-output>
  <suite started-at="2022-07-03T17:00:17 EDT" name="Suite" finished-at="2022-07-03T17:00:41 EDT" duration-ms="23414">
    <groups>
    </groups>
    <test started-at="2022-07-03T17:00:17 EDT" name="Test" finished-at="2022-07-03T17:00:41 EDT" duration-ms="23414">
      <class name="testng_Priority.Priority2">
        <test-method is-config="true" signature="initialization()[pri:0, instance:testng_Priority.Priority2@5403f35f]" started-at="2022-07-03T17:00:17 EDT" name="initialization" finished-at="2022-07-03T17:00:22 EDT" duration-ms="4910" status="PASS">
          <reporter-output>
          </reporter-output>
        </test-method> <!-- initialization -->
        <test-method signature="login()[pri:1, instance:testng_Priority.Priority2@5403f35f]" started-at="2022-07-03T17:00:22 EDT" name="login" finished-at="2022-07-03T17:00:23 EDT" duration-ms="658" status="PASS">
          <reporter-output>
          </reporter-output>
        </test-method> <!-- login -->
        <test-method is-config="true" signature="teardown()[pri:0, instance:testng_Priority.Priority2@5403f35f]" started-at="2022-07-03T17:00:23 EDT" name="teardown" finished-at="2022-07-03T17:00:23 EDT" duration-ms="469" status="PASS">
          <reporter-output>
          </reporter-output>
        </test-method> <!-- teardown -->
        <test-method is-config="true" signature="initialization()[pri:0, instance:testng_Priority.Priority2@5403f35f]" started-at="2022-07-03T17:00:23 EDT" name="initialization" finished-at="2022-07-03T17:00:26 EDT" duration-ms="2740" status="PASS">
          <reporter-output>
          </reporter-output>
        </test-method> <!-- initialization -->
        <test-method signature="titleTest()[pri:2, instance:testng_Priority.Priority2@5403f35f]" started-at="2022-07-03T17:00:26 EDT" name="titleTest" finished-at="2022-07-03T17:00:26 EDT" duration-ms="17" status="PASS">
          <reporter-output>
          </reporter-output>
        </test-method> <!-- titleTest -->
        <test-method is-config="true" signature="teardown()[pri:0, instance:testng_Priority.Priority2@5403f35f]" started-at="2022-07-03T17:00:26 EDT" name="teardown" finished-at="2022-07-03T17:00:27 EDT" duration-ms="388" status="PASS">
          <reporter-output>
          </reporter-output>
        </test-method> <!-- teardown -->
        <test-method is-config="true" signature="initialization()[pri:0, instance:testng_Priority.Priority2@5403f35f]" started-at="2022-07-03T17:00:27 EDT" name="initialization" finished-at="2022-07-03T17:00:29 EDT" duration-ms="2741" status="PASS">
          <reporter-output>
          </reporter-output>
        </test-method> <!-- initialization -->
        <test-method signature="logoTest()[pri:3, instance:testng_Priority.Priority2@5403f35f]" started-at="2022-07-03T17:00:29 EDT" name="logoTest" finished-at="2022-07-03T17:00:29 EDT" duration-ms="153" status="PASS">
          <reporter-output>
          </reporter-output>
        </test-method> <!-- logoTest -->
        <test-method is-config="true" signature="teardown()[pri:0, instance:testng_Priority.Priority2@5403f35f]" started-at="2022-07-03T17:00:29 EDT" name="teardown" finished-at="2022-07-03T17:00:30 EDT" duration-ms="533" status="PASS">
          <reporter-output>
          </reporter-output>
        </test-method> <!-- teardown -->
      </class> <!-- testng_Priority.Priority2 -->
      <class name="testng_Priority.Priority1">
        <test-method is-config="true" signature="initialization()[pri:0, instance:testng_Priority.Priority1@21e360a]" started-at="2022-07-03T17:00:30 EDT" name="initialization" finished-at="2022-07-03T17:00:33 EDT" duration-ms="2992" status="PASS">
          <reporter-output>
          </reporter-output>
        </test-method> <!-- initialization -->
        <test-method signature="login()[pri:0, instance:testng_Priority.Priority1@21e360a]" started-at="2022-07-03T17:00:33 EDT" name="login" finished-at="2022-07-03T17:00:34 EDT" duration-ms="883" status="PASS">
          <reporter-output>
          </reporter-output>
        </test-method> <!-- login -->
        <test-method is-config="true" signature="teardown()[pri:0, instance:testng_Priority.Priority1@21e360a]" started-at="2022-07-03T17:00:34 EDT" name="teardown" finished-at="2022-07-03T17:00:34 EDT" duration-ms="493" status="PASS">
          <reporter-output>
          </reporter-output>
        </test-method> <!-- teardown -->
        <test-method is-config="true" signature="initialization()[pri:0, instance:testng_Priority.Priority1@21e360a]" started-at="2022-07-03T17:00:34 EDT" name="initialization" finished-at="2022-07-03T17:00:37 EDT" duration-ms="2678" status="PASS">
          <reporter-output>
          </reporter-output>
        </test-method> <!-- initialization -->
        <test-method signature="logoTest()[pri:1, instance:testng_Priority.Priority1@21e360a]" started-at="2022-07-03T17:00:37 EDT" name="logoTest" finished-at="2022-07-03T17:00:37 EDT" duration-ms="114" status="PASS">
          <reporter-output>
          </reporter-output>
        </test-method> <!-- logoTest -->
        <test-method is-config="true" signature="teardown()[pri:0, instance:testng_Priority.Priority1@21e360a]" started-at="2022-07-03T17:00:37 EDT" name="teardown" finished-at="2022-07-03T17:00:38 EDT" duration-ms="441" status="PASS">
          <reporter-output>
          </reporter-output>
        </test-method> <!-- teardown -->
        <test-method is-config="true" signature="initialization()[pri:0, instance:testng_Priority.Priority1@21e360a]" started-at="2022-07-03T17:00:38 EDT" name="initialization" finished-at="2022-07-03T17:00:40 EDT" duration-ms="2699" status="PASS">
          <reporter-output>
          </reporter-output>
        </test-method> <!-- initialization -->
        <test-method signature="titleTest()[pri:2, instance:testng_Priority.Priority1@21e360a]" started-at="2022-07-03T17:00:40 EDT" name="titleTest" finished-at="2022-07-03T17:00:40 EDT" duration-ms="27" status="PASS">
          <reporter-output>
          </reporter-output>
        </test-method> <!-- titleTest -->
        <test-method is-config="true" signature="teardown()[pri:0, instance:testng_Priority.Priority1@21e360a]" started-at="2022-07-03T17:00:40 EDT" name="teardown" finished-at="2022-07-03T17:00:41 EDT" duration-ms="366" status="PASS">
          <reporter-output>
          </reporter-output>
        </test-method> <!-- teardown -->
      </class> <!-- testng_Priority.Priority1 -->
    </test> <!-- Test -->
  </suite> <!-- Suite -->
</testng-results>
